c:\temp\texttools\texttools\debug\vc143.pdb
c:\temp\texttools\texttools\debug\vc143.idb
c:\temp\texttools\texttools\debug\textart.obj
c:\temp\texttools\texttools\debug\colors.obj
c:\temp\texttools\texttools\debug\source.obj
c:\temp\texttools\texttools\debug\shapes.obj
c:\temp\texttools\texttools\debug\screens.obj
c:\temp\texttools\texttools\debug\node.obj
c:\temp\texttools\texttools\debug\mysound.obj
c:\temp\texttools\texttools\debug\myrectangle.obj
c:\temp\texttools\texttools\debug\mymouse.obj
c:\temp\texttools\texttools\debug\mygraphics.obj
c:\temp\texttools\texttools\debug\mygraph.obj
c:\temp\texttools\texttools\debug\mycircle.obj
c:\temp\texttools\texttools\debug\initialboard.obj
c:\temp\texttools\texttools\debug\image.obj
c:\temp\texttools\texttools\debug\gamerun.obj
c:\temp\texttools\texttools\debug\easybmp.obj
c:\temp\texttools\texttools\debug\displaytools.obj
c:\temp\texttools\texttools\debug\coordinates.obj
c:\temp\texttools\texttools\debug\connect.obj
c:\temp\texttools\texttools\debug\binarytree.obj
c:\temp\texttools\texttools\debug\textdraw.obj
c:\temp\texttools\texttools\debug\texttools.ilk
c:\temp\texttools\debug\texttools.exe
c:\temp\texttools\debug\texttools.pdb
c:\temp\texttools\texttools\debug\texttools.tlog\cl.command.1.tlog
c:\temp\texttools\texttools\debug\texttools.tlog\cl.read.1.tlog
c:\temp\texttools\texttools\debug\texttools.tlog\cl.write.1.tlog
c:\temp\texttools\texttools\debug\texttools.tlog\link.command.1.tlog
c:\temp\texttools\texttools\debug\texttools.tlog\link.read.1.tlog
c:\temp\texttools\texttools\debug\texttools.tlog\link.write.1.tlog
